<?xml version="1.0" encoding="UTF-8"?>
<!-- Generated by org.testng.reporters.JUnitReportReporter -->
<testsuite skipped="0" hostname="MUUWDP211" name="com.mifinity.Assessment.SignupTest" tests="1" failures="0" timestamp="2021-06-12T18:01:17 IST" time="43.571" errors="0">
  <testcase name="signup" time="43.571" classname="com.mifinity.Assessment.SignupTest"/>
  <system-out/>
</testsuite> <!-- com.mifinity.Assessment.SignupTest -->
